{"logLevel":"debug","message":"multithreading is set to false"}
{"logLevel":"debug","message":"Using reflection to scan dependencies for gauge implementations..."}
log4j:WARN No appenders could be found for logger (io.grpc.netty.shaded.io.netty.util.internal.logging.InternalLoggerFactory).
log4j:WARN Please initialize the log4j system properly.
log4j:WARN See http://logging.apache.org/log4j/1.2/faq.html#noconfig for more info.
{"logLevel":"debug","message":"gauge-java took 1478milliseconds to load and scan. This should be less than 'runner_connection_timeout' config value."}
{"logLevel":"debug","message":"run 'gauge config runner_connection_timeout' and verify that it is < 1478"}
{"logLevel":"debug","message":"starting gRPC server..."}
{"logLevel":"debug","message":"started gRPC server on port 56558"}
{"logLevel":"info","message":"Listening on port:56558"}
{"logLevel":"debug","message":"Scanning packages for steps"}
{"logLevel":"debug","message":"Comparing 'StepImplementation.clickBYxpath' and 'StepImplementation.clickBYxpath'"}
{"logLevel":"debug","message":"Found {} xpath li elemente tıkla in current project scope."}
{"logLevel":"debug","message":"Comparing 'StepImplementation.waitForSecond' and 'StepImplementation.waitForSecond'"}
{"logLevel":"debug","message":"Found {} saniye bekle in current project scope."}
{"logLevel":"debug","message":"Comparing 'StepImplementation.checkXpathElement' and 'StepImplementation.checkXpathElement'"}
{"logLevel":"debug","message":"Found {} xpath li element {} değerini  içerdiğini kontrol et in current project scope."}
{"logLevel":"debug","message":"Comparing 'StepImplementation.getProductNumber' and 'StepImplementation.getProductNumber'"}
{"logLevel":"debug","message":"Found {} id li elementin değerini getir in current project scope."}
{"logLevel":"debug","message":"Comparing 'StepImplementation.checkElement' and 'StepImplementation.checkElement'"}
{"logLevel":"debug","message":"Found {} id li element {} değerini  içerdiğini kontrol et in current project scope."}
{"logLevel":"debug","message":"Comparing 'StepImplementation.sendkeyBYid' and 'StepImplementation.sendkeyBYid'"}
{"logLevel":"debug","message":"Found {} id li elemente {}  değerini yaz in current project scope."}
{"logLevel":"debug","message":"Comparing 'StepImplementation.scroll' and 'StepImplementation.scroll'"}
{"logLevel":"debug","message":"Found aşağı kaydır in current project scope."}
{"logLevel":"debug","message":"Comparing 'StepImplementation.clickBYid' and 'StepImplementation.clickBYid'"}
{"logLevel":"debug","message":"Found {} id li elemente tıkla in current project scope."}
{"logLevel":"debug","message":"Scanning packages for hooks"}
{"logLevel":"debug","message":"Scanned steps (using static parsing + reflections): "}
{"logLevel":"debug","message":"\t{} id li element {} değerini  içerdiğini kontrol et : public void checkElement(String key, String text)"}
{"logLevel":"debug","message":"\t{} id li elemente tıkla : public void clickBYid(String key)"}
{"logLevel":"debug","message":"\t{} saniye bekle : public void waitForSecond(ınt number) throws InterruptedException"}
{"logLevel":"debug","message":"\t{} xpath li element {} değerini  içerdiğini kontrol et : public void checkXpathElement(String key, String text)"}
{"logLevel":"debug","message":"\t{} id li elementin değerini getir : public ınt getProductNumber(String key)"}
{"logLevel":"debug","message":"\t{} xpath li elemente tıkla : public void clickBYxpath(String key)"}
{"logLevel":"debug","message":"\taşağı kaydır : public void scroll()"}
{"logLevel":"debug","message":"\t{} id li elemente {}  değerini yaz : public void sendkeyBYid(String key, String text)"}
******ANDROID TEST STARTING******
